<?xml version="1.0" encoding="UTF-8"?>
<!-- Generated by org.testng.reporters.JUnitXMLReporter -->
<testsuite hostname="IBM-Testing01" ignored="0" name="Test" tests="3" failures="0" timestamp="08 Jan 2020 06:44:23 GMT" time="17.794" errors="0">
  <testcase name="Checktitle" time="0.023" classname="SuiteLevel.VerifyGooglePageTest"/>
  <testcase name="checktitle" time="0.003" classname="SuiteLevel.AnnotationDemo"/>
  <testcase name="CheckLogo" time="0.126" classname="SuiteLevel.VerifyGooglePageTest"/>
</testsuite> <!-- Test -->
